<?xml version="1.0" encoding="UTF-8"?>
<!-- Generated by org.testng.reporters.JUnitXMLReporter -->
<testsuite ignored="0" hostname="Harry-Sindhia" failures="0" tests="6" name="Surefire test" time="102.625" errors="0" timestamp="2025-09-29T10:51:45 IST">
  <testcase classname="EcommVege.VegeEcomm.ProductNotFoundTest" name="productNotFound" time="2.194"/>
  <testcase classname="EcommVege.VegeEcomm.SearchProductTest" name="validateSearchAndAddToCart" time="2.363"/>
  <testcase classname="EcommVege.VegeEcomm.SearchProductTest" name="validateSearchAndAddToCart" time="1.679"/>
  <testcase classname="EcommVege.VegeEcomm.StandAloneTest" name="submitOrderTest" time="13.748"/>
  <testcase classname="EcommVege.VegeEcomm.SubmitOrderTest" name="submitOrderTest" time="11.203"/>
  <testcase classname="EcommVege.VegeEcomm.SubmitOrderTest" name="submitOrderTest" time="12.712"/>
</testsuite> <!-- Surefire test -->
