<?xml version="1.0" encoding="UTF-8"?>
<!-- Generated by org.testng.reporters.JUnitXMLReporter -->
<testsuite ignored="0" hostname="Harry-Sindhia" failures="0" tests="2" name="ValidateSearch" time="45.588" errors="0" timestamp="2025-09-28T22:42:24 IST">
  <testcase classname="EcommVege.VegeEcomm.SearchProductTest" name="validateSearchAndAddToCart" time="5.08"/>
  <testcase classname="EcommVege.VegeEcomm.SearchProductTest" name="validateSearchAndAddToCart" time="3.476"/>
</testsuite> <!-- ValidateSearch -->
