<?xml version="1.0" encoding="UTF-8"?>
<!-- Generated by org.testng.reporters.JUnitXMLReporter -->
<testsuite ignored="0" hostname="Harry-Sindhia" failures="0" tests="2" name="ValidateSearch" time="18.523" errors="0" timestamp="2025-09-29T10:49:10 IST">
  <testcase classname="EcommVege.VegeEcomm.SearchProductTest" name="validateSearchAndAddToCart" time="6.723"/>
  <testcase classname="EcommVege.VegeEcomm.SearchProductTest" name="validateSearchAndAddToCart" time="2.337"/>
</testsuite> <!-- ValidateSearch -->
