<?xml version="1.0" encoding="UTF-8"?>
<testsuite xmlns:xsi="http://www.w3.org/2001/XMLSchema-instance" xsi:noNamespaceSchemaLocation="https://maven.apache.org/surefire/maven-surefire-plugin/xsd/surefire-test-report.xsd" version="3.0.1" name="TestSuite" time="103.239" tests="6" errors="0" skipped="0" failures="0">
  <properties>
[...]
</properties>
  <testcase name="productNotFound[{searchProduct=Avacado}](1)" classname="EcommVege.VegeEcomm.ProductNotFoundTest" time="2.161">
    <system-err><![CDATA[SLF4J(W): No SLF4J providers were found.
SLF4J(W): Defaulting to no-operation (NOP) logger implementation
SLF4J(W): See https://www.slf4j.org/codes.html#noProviders for further details.
]]></system-err>
  </testcase>
  <testcase name="validateSearchAndAddToCart[{searchProduct=ca, expectedProduct=Capsicum}](1)" classname="EcommVege.VegeEcomm.SearchProductTest" time="2.369"/>
  <testcase name="validateSearchAndAddToCart[{searchProduct=pu, expectedProduct=Pumpkin}](2)" classname="EcommVege.VegeEcomm.SearchProductTest" time="1.679"/>
  <testcase name="submitOrderTest" classname="EcommVege.VegeEcomm.StandAloneTest" time="13.746">
    <system-err><![CDATA[Sep 29, 2025 10:50:50 AM org.openqa.selenium.devtools.CdpVersionFinder findNearestMatch
WARNING: Unable to find an exact match for CDP version 140, returning the closest version; found: 139; Please update to a Selenium version that supports CDP version 140
]]></system-err>
  </testcase>
  <testcase name="submitOrderTest[{country=Belgium, groceryItem=[Cauliflower, Tomato, Carrot, Mushroom, Banana], code=rahulshettyacademy}](1)" classname="EcommVege.VegeEcomm.SubmitOrderTest" time="11.2"/>
  <testcase name="submitOrderTest[{country=Armenia, groceryItem=[Grapes, Orange, Musk Melon, Mango, Raspberry], code=rahulshettyacademy}](2)" classname="EcommVege.VegeEcomm.SubmitOrderTest" time="12.711"/>
</testsuite>