<?xml version="1.0" encoding="UTF-8"?>
<testng-results ignored="0" total="6" passed="6" failed="0" skipped="0">
  <reporter-output>
  </reporter-output>
  <suite started-at="2025-09-29T10:50:02 IST" name="Surefire suite" finished-at="2025-09-29T10:51:45 IST" duration-ms="102625">
    <groups>
      <group name="ValidateSearchInput">
        <method signature="SearchProductTest.validateSearchAndAddToCart(java.util.HashMap)[pri:0, instance:EcommVege.VegeEcomm.SearchProductTest@1700915]" name="validateSearchAndAddToCart" class="EcommVege.VegeEcomm.SearchProductTest"/>
      </group> <!-- ValidateSearchInput -->
    </groups>
    <test started-at="2025-09-29T10:50:02 IST" name="Surefire test" finished-at="2025-09-29T10:51:45 IST" duration-ms="102625">
      <class name="EcommVege.VegeEcomm.SearchProductTest">
        <test-method is-config="true" signature="launchApplication()[pri:0, instance:EcommVege.VegeEcomm.SearchProductTest@1700915]" started-at="2025-09-29T10:50:21 IST" name="launchApplication" finished-at="2025-09-29T10:50:31 IST" duration-ms="9164" status="PASS">
          <reporter-output>
          </reporter-output>
        </test-method> <!-- launchApplication -->
        <test-method signature="validateSearchAndAddToCart(java.util.HashMap)[pri:0, instance:EcommVege.VegeEcomm.SearchProductTest@1700915]" started-at="2025-09-29T10:50:31 IST" name="validateSearchAndAddToCart" data-provider="getData" finished-at="2025-09-29T10:50:33 IST" duration-ms="2363" status="PASS">
          <params>
            <param index="0">
              <value>
                <![CDATA[{searchProduct=ca, expectedProduct=Capsicum}]]>
              </value>
            </param>
          </params>
          <reporter-output>
          </reporter-output>
        </test-method> <!-- validateSearchAndAddToCart -->
        <test-method is-config="true" signature="closeDriver()[pri:0, instance:EcommVege.VegeEcomm.SearchProductTest@1700915]" started-at="2025-09-29T10:50:33 IST" name="closeDriver" finished-at="2025-09-29T10:50:37 IST" duration-ms="3612" status="PASS">
          <reporter-output>
          </reporter-output>
        </test-method> <!-- closeDriver -->
        <test-method is-config="true" signature="launchApplication()[pri:0, instance:EcommVege.VegeEcomm.SearchProductTest@1700915]" started-at="2025-09-29T10:50:37 IST" name="launchApplication" finished-at="2025-09-29T10:50:44 IST" duration-ms="7711" status="PASS">
          <reporter-output>
          </reporter-output>
        </test-method> <!-- launchApplication -->
        <test-method signature="validateSearchAndAddToCart(java.util.HashMap)[pri:0, instance:EcommVege.VegeEcomm.SearchProductTest@1700915]" started-at="2025-09-29T10:50:44 IST" name="validateSearchAndAddToCart" data-provider="getData" finished-at="2025-09-29T10:50:46 IST" duration-ms="1679" status="PASS">
          <params>
            <param index="0">
              <value>
                <![CDATA[{searchProduct=pu, expectedProduct=Pumpkin}]]>
              </value>
            </param>
          </params>
          <reporter-output>
          </reporter-output>
        </test-method> <!-- validateSearchAndAddToCart -->
        <test-method is-config="true" signature="closeDriver()[pri:0, instance:EcommVege.VegeEcomm.SearchProductTest@1700915]" started-at="2025-09-29T10:50:46 IST" name="closeDriver" finished-at="2025-09-29T10:50:49 IST" duration-ms="2523" status="PASS">
          <reporter-output>
          </reporter-output>
        </test-method> <!-- closeDriver -->
      </class> <!-- EcommVege.VegeEcomm.SearchProductTest -->
      <class name="EcommVege.VegeEcomm.ProductNotFoundTest">
        <test-method is-config="true" signature="launchApplication()[pri:0, instance:EcommVege.VegeEcomm.ProductNotFoundTest@48ae9b55]" started-at="2025-09-29T10:50:02 IST" name="launchApplication" finished-at="2025-09-29T10:50:15 IST" duration-ms="13144" status="PASS">
          <reporter-output>
          </reporter-output>
        </test-method> <!-- launchApplication -->
        <test-method signature="productNotFound(java.util.HashMap)[pri:0, instance:EcommVege.VegeEcomm.ProductNotFoundTest@48ae9b55]" started-at="2025-09-29T10:50:15 IST" name="productNotFound" data-provider="getData" finished-at="2025-09-29T10:50:18 IST" duration-ms="2194" status="PASS">
          <params>
            <param index="0">
              <value>
                <![CDATA[{searchProduct=Avacado}]]>
              </value>
            </param>
          </params>
          <reporter-output>
          </reporter-output>
        </test-method> <!-- productNotFound -->
        <test-method is-config="true" signature="closeDriver()[pri:0, instance:EcommVege.VegeEcomm.ProductNotFoundTest@48ae9b55]" started-at="2025-09-29T10:50:18 IST" name="closeDriver" finished-at="2025-09-29T10:50:21 IST" duration-ms="3831" status="PASS">
          <reporter-output>
          </reporter-output>
        </test-method> <!-- closeDriver -->
      </class> <!-- EcommVege.VegeEcomm.ProductNotFoundTest -->
      <class name="EcommVege.VegeEcomm.SubmitOrderTest">
        <test-method is-config="true" signature="launchApplication()[pri:0, instance:EcommVege.VegeEcomm.SubmitOrderTest@c267ef4]" started-at="2025-09-29T10:51:02 IST" name="launchApplication" finished-at="2025-09-29T10:51:10 IST" duration-ms="7561" status="PASS">
          <reporter-output>
          </reporter-output>
        </test-method> <!-- launchApplication -->
        <test-method signature="submitOrderTest(java.util.HashMap)[pri:0, instance:EcommVege.VegeEcomm.SubmitOrderTest@c267ef4]" started-at="2025-09-29T10:51:10 IST" name="submitOrderTest" data-provider="getData" finished-at="2025-09-29T10:51:21 IST" duration-ms="11203" status="PASS">
          <params>
            <param index="0">
              <value>
                <![CDATA[{country=Belgium, groceryItem=[Cauliflower, Tomato, Carrot, Mushroom, Banana], code=rahulshettyacademy}]]>
              </value>
            </param>
          </params>
          <reporter-output>
          </reporter-output>
        </test-method> <!-- submitOrderTest -->
        <test-method is-config="true" signature="closeDriver()[pri:0, instance:EcommVege.VegeEcomm.SubmitOrderTest@c267ef4]" started-at="2025-09-29T10:51:21 IST" name="closeDriver" finished-at="2025-09-29T10:51:23 IST" duration-ms="1658" status="PASS">
          <reporter-output>
          </reporter-output>
        </test-method> <!-- closeDriver -->
        <test-method is-config="true" signature="launchApplication()[pri:0, instance:EcommVege.VegeEcomm.SubmitOrderTest@c267ef4]" started-at="2025-09-29T10:51:23 IST" name="launchApplication" finished-at="2025-09-29T10:51:31 IST" duration-ms="8297" status="PASS">
          <reporter-output>
          </reporter-output>
        </test-method> <!-- launchApplication -->
        <test-method signature="submitOrderTest(java.util.HashMap)[pri:0, instance:EcommVege.VegeEcomm.SubmitOrderTest@c267ef4]" started-at="2025-09-29T10:51:31 IST" name="submitOrderTest" data-provider="getData" finished-at="2025-09-29T10:51:44 IST" duration-ms="12712" status="PASS">
          <params>
            <param index="0">
              <value>
                <![CDATA[{country=Armenia, groceryItem=[Grapes, Orange, Musk Melon, Mango, Raspberry], code=rahulshettyacademy}]]>
              </value>
            </param>
          </params>
          <reporter-output>
          </reporter-output>
        </test-method> <!-- submitOrderTest -->
        <test-method is-config="true" signature="closeDriver()[pri:0, instance:EcommVege.VegeEcomm.SubmitOrderTest@c267ef4]" started-at="2025-09-29T10:51:44 IST" name="closeDriver" finished-at="2025-09-29T10:51:45 IST" duration-ms="895" status="PASS">
          <reporter-output>
          </reporter-output>
        </test-method> <!-- closeDriver -->
      </class> <!-- EcommVege.VegeEcomm.SubmitOrderTest -->
      <class name="EcommVege.VegeEcomm.StandAloneTest">
        <test-method signature="submitOrderTest()[pri:0, instance:EcommVege.VegeEcomm.StandAloneTest@21de60b4]" started-at="2025-09-29T10:50:49 IST" name="submitOrderTest" finished-at="2025-09-29T10:51:02 IST" duration-ms="13748" status="PASS">
          <reporter-output>
          </reporter-output>
        </test-method> <!-- submitOrderTest -->
      </class> <!-- EcommVege.VegeEcomm.StandAloneTest -->
    </test> <!-- Surefire test -->
  </suite> <!-- Surefire suite -->
</testng-results>
